2018-09-25 23:00:02.935 [main] INFO  com.hero.web.WebApplication - Starting WebApplication on heros-mbp.local with PID 51391 (/Users/hero/workspace/learn/web/target/classes started by hero in /Users/hero/workspace/learn/web)
2018-09-25 23:00:02.938 [main] INFO  com.hero.web.WebApplication - The following profiles are active: pro
2018-09-25 23:00:02.984 [main] INFO  o.s.b.w.s.c.AnnotationConfigServletWebServerApplicationContext - Refreshing org.springframework.boot.web.servlet.context.AnnotationConfigServletWebServerApplicationContext@497570fb: startup date [Tue Sep 25 23:00:02 CST 2018]; root of context hierarchy
2018-09-25 23:00:03.901 [main] INFO  o.s.b.w.e.tomcat.TomcatWebServer - Tomcat initialized with port(s): 9000 (http)
2018-09-25 23:00:03.973 [main] INFO  o.a.coyote.http11.Http11NioProtocol - Initializing ProtocolHandler ["http-nio-9000"]
2018-09-25 23:00:03.981 [main] INFO  o.a.catalina.core.StandardService - Starting service [Tomcat]
2018-09-25 23:00:03.982 [main] INFO  o.a.catalina.core.StandardEngine - Starting Servlet Engine: Apache Tomcat/8.5.34
2018-09-25 23:00:03.986 [localhost-startStop-1] INFO  o.a.c.core.AprLifecycleListener - The APR based Apache Tomcat Native library which allows optimal performance in production environments was not found on the java.library.path: [/Users/hero/Library/Java/Extensions:/Library/Java/Extensions:/Network/Library/Java/Extensions:/System/Library/Java/Extensions:/usr/lib/java:.]
2018-09-25 23:00:04.046 [localhost-startStop-1] INFO  o.a.c.c.C.[Tomcat].[localhost].[/] - Initializing Spring embedded WebApplicationContext
2018-09-25 23:00:04.046 [localhost-startStop-1] INFO  o.s.web.context.ContextLoader - Root WebApplicationContext: initialization completed in 1062 ms
2018-09-25 23:00:04.100 [localhost-startStop-1] INFO  o.s.b.w.s.ServletRegistrationBean - Servlet dispatcherServlet mapped to [/]
2018-09-25 23:00:04.103 [localhost-startStop-1] INFO  o.s.b.w.s.FilterRegistrationBean - Mapping filter: 'characterEncodingFilter' to: [/*]
2018-09-25 23:00:04.104 [localhost-startStop-1] INFO  o.s.b.w.s.FilterRegistrationBean - Mapping filter: 'hiddenHttpMethodFilter' to: [/*]
2018-09-25 23:00:04.104 [localhost-startStop-1] INFO  o.s.b.w.s.FilterRegistrationBean - Mapping filter: 'httpPutFormContentFilter' to: [/*]
2018-09-25 23:00:04.104 [localhost-startStop-1] INFO  o.s.b.w.s.FilterRegistrationBean - Mapping filter: 'requestContextFilter' to: [/*]
2018-09-25 23:00:04.116 [localhost-startStop-1] INFO  com.hero.web.support.AppLifecycle - set system timezone to : Asia/Shanghai
2018-09-25 23:00:04.117 [localhost-startStop-1] INFO  com.hero.web.support.AppLifecycle - -------------- event-service started --------------------
2018-09-25 23:00:04.219 [main] INFO  o.s.w.s.h.SimpleUrlHandlerMapping - Mapped URL path [/**/favicon.ico] onto handler of type [class org.springframework.web.servlet.resource.ResourceHttpRequestHandler]
2018-09-25 23:00:04.384 [main] INFO  o.s.w.s.m.m.a.RequestMappingHandlerAdapter - Looking for @ControllerAdvice: org.springframework.boot.web.servlet.context.AnnotationConfigServletWebServerApplicationContext@497570fb: startup date [Tue Sep 25 23:00:02 CST 2018]; root of context hierarchy
2018-09-25 23:00:04.443 [main] INFO  o.s.w.s.m.m.a.RequestMappingHandlerMapping - Mapped "{[/api/v1/users],methods=[GET]}" onto public com.hero.web.support.Result com.hero.web.controller.UserController.listUsers()
2018-09-25 23:00:04.447 [main] INFO  o.s.w.s.m.m.a.RequestMappingHandlerMapping - Mapped "{[/error]}" onto public org.springframework.http.ResponseEntity<java.util.Map<java.lang.String, java.lang.Object>> org.springframework.boot.autoconfigure.web.servlet.error.BasicErrorController.error(javax.servlet.http.HttpServletRequest)
2018-09-25 23:00:04.447 [main] INFO  o.s.w.s.m.m.a.RequestMappingHandlerMapping - Mapped "{[/error],produces=[text/html]}" onto public org.springframework.web.servlet.ModelAndView org.springframework.boot.autoconfigure.web.servlet.error.BasicErrorController.errorHtml(javax.servlet.http.HttpServletRequest,javax.servlet.http.HttpServletResponse)
2018-09-25 23:00:04.468 [main] INFO  o.s.w.s.h.SimpleUrlHandlerMapping - Mapped URL path [/webjars/**] onto handler of type [class org.springframework.web.servlet.resource.ResourceHttpRequestHandler]
2018-09-25 23:00:04.468 [main] INFO  o.s.w.s.h.SimpleUrlHandlerMapping - Mapped URL path [/**] onto handler of type [class org.springframework.web.servlet.resource.ResourceHttpRequestHandler]
2018-09-25 23:00:04.590 [main] INFO  o.s.j.e.a.AnnotationMBeanExporter - Registering beans for JMX exposure on startup
2018-09-25 23:00:04.602 [main] INFO  o.a.coyote.http11.Http11NioProtocol - Starting ProtocolHandler ["http-nio-9000"]
2018-09-25 23:00:04.623 [main] INFO  o.a.tomcat.util.net.NioSelectorPool - Using a shared selector for servlet write/read
2018-09-25 23:00:04.634 [main] INFO  o.s.b.w.e.tomcat.TomcatWebServer - Tomcat started on port(s): 9000 (http) with context path ''
2018-09-25 23:00:04.638 [main] INFO  com.hero.web.WebApplication - Started WebApplication in 2.277 seconds (JVM running for 3.963)
2018-09-25 23:00:18.891 [Thread-9] INFO  o.s.b.w.s.c.AnnotationConfigServletWebServerApplicationContext - Closing org.springframework.boot.web.servlet.context.AnnotationConfigServletWebServerApplicationContext@497570fb: startup date [Tue Sep 25 23:00:02 CST 2018]; root of context hierarchy
2018-09-25 23:00:18.894 [Thread-9] INFO  o.s.j.e.a.AnnotationMBeanExporter - Unregistering JMX-exposed beans on shutdown
2018-09-25 23:00:18.958 [localhost-startStop-2] INFO  com.hero.web.support.AppLifecycle - --------------- event-service terminated ---------------------
2018-09-25 23:07:54.686 [main] INFO  com.hero.web.WebApplication - Starting WebApplication on heros-mbp.local with PID 51556 (/Users/hero/workspace/learn/web/target/classes started by hero in /Users/hero/workspace/learn/web)
2018-09-25 23:07:54.689 [main] INFO  com.hero.web.WebApplication - The following profiles are active: pro
2018-09-25 23:07:54.742 [main] INFO  o.s.b.w.s.c.AnnotationConfigServletWebServerApplicationContext - Refreshing org.springframework.boot.web.servlet.context.AnnotationConfigServletWebServerApplicationContext@22101c80: startup date [Tue Sep 25 23:07:54 CST 2018]; root of context hierarchy
2018-09-25 23:07:55.898 [main] INFO  o.s.b.w.e.tomcat.TomcatWebServer - Tomcat initialized with port(s): 9000 (http)
2018-09-25 23:07:55.913 [main] INFO  o.a.coyote.http11.Http11NioProtocol - Initializing ProtocolHandler ["http-nio-9000"]
2018-09-25 23:07:55.922 [main] INFO  o.a.catalina.core.StandardService - Starting service [Tomcat]
2018-09-25 23:07:55.923 [main] INFO  o.a.catalina.core.StandardEngine - Starting Servlet Engine: Apache Tomcat/8.5.34
2018-09-25 23:07:55.927 [localhost-startStop-1] INFO  o.a.c.core.AprLifecycleListener - The APR based Apache Tomcat Native library which allows optimal performance in production environments was not found on the java.library.path: [/Users/hero/Library/Java/Extensions:/Library/Java/Extensions:/Network/Library/Java/Extensions:/System/Library/Java/Extensions:/usr/lib/java:.]
2018-09-25 23:07:56.127 [localhost-startStop-1] INFO  o.a.c.c.C.[Tomcat].[localhost].[/] - Initializing Spring embedded WebApplicationContext
2018-09-25 23:07:56.127 [localhost-startStop-1] INFO  o.s.web.context.ContextLoader - Root WebApplicationContext: initialization completed in 1385 ms
2018-09-25 23:07:56.202 [localhost-startStop-1] INFO  o.s.b.w.s.ServletRegistrationBean - Servlet dispatcherServlet mapped to [/]
2018-09-25 23:07:56.206 [localhost-startStop-1] INFO  o.s.b.w.s.FilterRegistrationBean - Mapping filter: 'characterEncodingFilter' to: [/*]
2018-09-25 23:07:56.206 [localhost-startStop-1] INFO  o.s.b.w.s.FilterRegistrationBean - Mapping filter: 'hiddenHttpMethodFilter' to: [/*]
2018-09-25 23:07:56.206 [localhost-startStop-1] INFO  o.s.b.w.s.FilterRegistrationBean - Mapping filter: 'httpPutFormContentFilter' to: [/*]
2018-09-25 23:07:56.206 [localhost-startStop-1] INFO  o.s.b.w.s.FilterRegistrationBean - Mapping filter: 'requestContextFilter' to: [/*]
2018-09-25 23:07:56.222 [localhost-startStop-1] INFO  com.hero.web.support.AppLifecycle - set system timezone to : Asia/Shanghai
2018-09-25 23:07:56.224 [localhost-startStop-1] INFO  com.hero.web.support.AppLifecycle - -------------- event-service started --------------------
2018-09-25 23:07:56.310 [main] INFO  o.s.w.s.h.SimpleUrlHandlerMapping - Mapped URL path [/**/favicon.ico] onto handler of type [class org.springframework.web.servlet.resource.ResourceHttpRequestHandler]
2018-09-25 23:07:56.482 [main] INFO  o.s.w.s.m.m.a.RequestMappingHandlerAdapter - Looking for @ControllerAdvice: org.springframework.boot.web.servlet.context.AnnotationConfigServletWebServerApplicationContext@22101c80: startup date [Tue Sep 25 23:07:54 CST 2018]; root of context hierarchy
2018-09-25 23:07:56.550 [main] INFO  o.s.w.s.m.m.a.RequestMappingHandlerMapping - Mapped "{[/api/v1/users],methods=[GET]}" onto public com.hero.web.support.Result com.hero.web.controller.UserController.listUsers()
2018-09-25 23:07:56.554 [main] INFO  o.s.w.s.m.m.a.RequestMappingHandlerMapping - Mapped "{[/error]}" onto public org.springframework.http.ResponseEntity<java.util.Map<java.lang.String, java.lang.Object>> org.springframework.boot.autoconfigure.web.servlet.error.BasicErrorController.error(javax.servlet.http.HttpServletRequest)
2018-09-25 23:07:56.555 [main] INFO  o.s.w.s.m.m.a.RequestMappingHandlerMapping - Mapped "{[/error],produces=[text/html]}" onto public org.springframework.web.servlet.ModelAndView org.springframework.boot.autoconfigure.web.servlet.error.BasicErrorController.errorHtml(javax.servlet.http.HttpServletRequest,javax.servlet.http.HttpServletResponse)
2018-09-25 23:07:56.577 [main] INFO  o.s.w.s.h.SimpleUrlHandlerMapping - Mapped URL path [/webjars/**] onto handler of type [class org.springframework.web.servlet.resource.ResourceHttpRequestHandler]
2018-09-25 23:07:56.577 [main] INFO  o.s.w.s.h.SimpleUrlHandlerMapping - Mapped URL path [/**] onto handler of type [class org.springframework.web.servlet.resource.ResourceHttpRequestHandler]
2018-09-25 23:07:56.719 [main] INFO  o.s.j.e.a.AnnotationMBeanExporter - Registering beans for JMX exposure on startup
2018-09-25 23:07:56.733 [main] INFO  o.a.coyote.http11.Http11NioProtocol - Starting ProtocolHandler ["http-nio-9000"]
2018-09-25 23:07:56.757 [main] INFO  o.a.tomcat.util.net.NioSelectorPool - Using a shared selector for servlet write/read
2018-09-25 23:07:56.772 [main] INFO  o.s.b.w.e.tomcat.TomcatWebServer - Tomcat started on port(s): 9000 (http) with context path ''
2018-09-25 23:07:56.776 [main] INFO  com.hero.web.WebApplication - Started WebApplication in 2.646 seconds (JVM running for 4.379)
2018-09-25 23:09:21.744 [Thread-11] INFO  o.s.b.w.s.c.AnnotationConfigServletWebServerApplicationContext - Closing org.springframework.boot.web.servlet.context.AnnotationConfigServletWebServerApplicationContext@22101c80: startup date [Tue Sep 25 23:07:54 CST 2018]; root of context hierarchy
2018-09-25 23:09:21.746 [Thread-11] INFO  o.s.j.e.a.AnnotationMBeanExporter - Unregistering JMX-exposed beans on shutdown
2018-09-25 23:09:21.822 [localhost-startStop-2] INFO  com.hero.web.support.AppLifecycle - --------------- event-service terminated ---------------------
2018-09-25 23:12:24.994 [main] INFO  com.hero.web.WebApplication - Starting WebApplication on heros-mbp.local with PID 51640 (/Users/hero/workspace/learn/web/target/classes started by hero in /Users/hero/workspace/learn/web)
2018-09-25 23:12:24.996 [main] INFO  com.hero.web.WebApplication - The following profiles are active: pro
2018-09-25 23:12:25.051 [main] INFO  o.s.b.w.s.c.AnnotationConfigServletWebServerApplicationContext - Refreshing org.springframework.boot.web.servlet.context.AnnotationConfigServletWebServerApplicationContext@faa3fed: startup date [Tue Sep 25 23:12:25 CST 2018]; root of context hierarchy
2018-09-25 23:12:25.953 [main] INFO  o.s.b.w.e.tomcat.TomcatWebServer - Tomcat initialized with port(s): 9000 (http)
2018-09-25 23:12:26.061 [main] INFO  o.a.coyote.http11.Http11NioProtocol - Initializing ProtocolHandler ["http-nio-9000"]
2018-09-25 23:12:26.068 [main] INFO  o.a.catalina.core.StandardService - Starting service [Tomcat]
2018-09-25 23:12:26.069 [main] INFO  o.a.catalina.core.StandardEngine - Starting Servlet Engine: Apache Tomcat/8.5.34
2018-09-25 23:12:26.073 [localhost-startStop-1] INFO  o.a.c.core.AprLifecycleListener - The APR based Apache Tomcat Native library which allows optimal performance in production environments was not found on the java.library.path: [/Users/hero/Library/Java/Extensions:/Library/Java/Extensions:/Network/Library/Java/Extensions:/System/Library/Java/Extensions:/usr/lib/java:.]
2018-09-25 23:12:26.138 [localhost-startStop-1] INFO  o.a.c.c.C.[Tomcat].[localhost].[/] - Initializing Spring embedded WebApplicationContext
2018-09-25 23:12:26.138 [localhost-startStop-1] INFO  o.s.web.context.ContextLoader - Root WebApplicationContext: initialization completed in 1087 ms
2018-09-25 23:12:26.193 [localhost-startStop-1] INFO  o.s.b.w.s.ServletRegistrationBean - Servlet dispatcherServlet mapped to [/]
2018-09-25 23:12:26.198 [localhost-startStop-1] INFO  o.s.b.w.s.FilterRegistrationBean - Mapping filter: 'characterEncodingFilter' to: [/*]
2018-09-25 23:12:26.198 [localhost-startStop-1] INFO  o.s.b.w.s.FilterRegistrationBean - Mapping filter: 'hiddenHttpMethodFilter' to: [/*]
2018-09-25 23:12:26.198 [localhost-startStop-1] INFO  o.s.b.w.s.FilterRegistrationBean - Mapping filter: 'httpPutFormContentFilter' to: [/*]
2018-09-25 23:12:26.198 [localhost-startStop-1] INFO  o.s.b.w.s.FilterRegistrationBean - Mapping filter: 'requestContextFilter' to: [/*]
2018-09-25 23:12:26.209 [localhost-startStop-1] INFO  com.hero.web.support.AppLifecycle - set system timezone to : Asia/Shanghai
2018-09-25 23:12:26.210 [localhost-startStop-1] INFO  com.hero.web.support.AppLifecycle - -------------- event-service started --------------------
2018-09-25 23:12:26.299 [main] INFO  o.s.w.s.h.SimpleUrlHandlerMapping - Mapped URL path [/**/favicon.ico] onto handler of type [class org.springframework.web.servlet.resource.ResourceHttpRequestHandler]
2018-09-25 23:12:26.446 [main] INFO  o.s.w.s.m.m.a.RequestMappingHandlerAdapter - Looking for @ControllerAdvice: org.springframework.boot.web.servlet.context.AnnotationConfigServletWebServerApplicationContext@faa3fed: startup date [Tue Sep 25 23:12:25 CST 2018]; root of context hierarchy
2018-09-25 23:12:26.495 [main] INFO  o.s.w.s.m.m.a.RequestMappingHandlerMapping - Mapped "{[/api/v1/users],methods=[GET]}" onto public com.hero.web.support.Result com.hero.web.controller.UserController.listUsers()
2018-09-25 23:12:26.499 [main] INFO  o.s.w.s.m.m.a.RequestMappingHandlerMapping - Mapped "{[/error]}" onto public org.springframework.http.ResponseEntity<java.util.Map<java.lang.String, java.lang.Object>> org.springframework.boot.autoconfigure.web.servlet.error.BasicErrorController.error(javax.servlet.http.HttpServletRequest)
2018-09-25 23:12:26.500 [main] INFO  o.s.w.s.m.m.a.RequestMappingHandlerMapping - Mapped "{[/error],produces=[text/html]}" onto public org.springframework.web.servlet.ModelAndView org.springframework.boot.autoconfigure.web.servlet.error.BasicErrorController.errorHtml(javax.servlet.http.HttpServletRequest,javax.servlet.http.HttpServletResponse)
2018-09-25 23:12:26.521 [main] INFO  o.s.w.s.h.SimpleUrlHandlerMapping - Mapped URL path [/webjars/**] onto handler of type [class org.springframework.web.servlet.resource.ResourceHttpRequestHandler]
2018-09-25 23:12:26.521 [main] INFO  o.s.w.s.h.SimpleUrlHandlerMapping - Mapped URL path [/**] onto handler of type [class org.springframework.web.servlet.resource.ResourceHttpRequestHandler]
2018-09-25 23:12:26.649 [main] INFO  o.s.j.e.a.AnnotationMBeanExporter - Registering beans for JMX exposure on startup
2018-09-25 23:12:26.661 [main] INFO  o.a.coyote.http11.Http11NioProtocol - Starting ProtocolHandler ["http-nio-9000"]
2018-09-25 23:12:26.683 [main] INFO  o.a.tomcat.util.net.NioSelectorPool - Using a shared selector for servlet write/read
2018-09-25 23:12:26.695 [main] INFO  o.s.b.w.e.tomcat.TomcatWebServer - Tomcat started on port(s): 9000 (http) with context path ''
2018-09-25 23:12:26.699 [main] INFO  com.hero.web.WebApplication - Started WebApplication in 2.29 seconds (JVM running for 4.069)
2018-09-25 23:12:39.585 [Thread-9] INFO  o.s.b.w.s.c.AnnotationConfigServletWebServerApplicationContext - Closing org.springframework.boot.web.servlet.context.AnnotationConfigServletWebServerApplicationContext@faa3fed: startup date [Tue Sep 25 23:12:25 CST 2018]; root of context hierarchy
2018-09-25 23:12:39.587 [Thread-9] INFO  o.s.j.e.a.AnnotationMBeanExporter - Unregistering JMX-exposed beans on shutdown
2018-09-25 23:12:39.654 [localhost-startStop-2] INFO  com.hero.web.support.AppLifecycle - --------------- event-service terminated ---------------------
2018-09-25 23:13:11.352 [main] INFO  com.hero.web.WebApplication - Starting WebApplication on heros-mbp.local with PID 51659 (/Users/hero/workspace/learn/web/target/classes started by hero in /Users/hero/workspace/learn/web)
2018-09-25 23:13:11.354 [main] INFO  com.hero.web.WebApplication - The following profiles are active: pro
2018-09-25 23:13:11.403 [main] INFO  o.s.b.w.s.c.AnnotationConfigServletWebServerApplicationContext - Refreshing org.springframework.boot.web.servlet.context.AnnotationConfigServletWebServerApplicationContext@25cc7470: startup date [Tue Sep 25 23:13:11 CST 2018]; root of context hierarchy
2018-09-25 23:13:12.305 [main] INFO  o.s.b.w.e.tomcat.TomcatWebServer - Tomcat initialized with port(s): 9000 (http)
2018-09-25 23:13:12.315 [main] INFO  o.a.coyote.http11.Http11NioProtocol - Initializing ProtocolHandler ["http-nio-9000"]
2018-09-25 23:13:12.323 [main] INFO  o.a.catalina.core.StandardService - Starting service [Tomcat]
2018-09-25 23:13:12.323 [main] INFO  o.a.catalina.core.StandardEngine - Starting Servlet Engine: Apache Tomcat/8.5.34
2018-09-25 23:13:12.327 [localhost-startStop-1] INFO  o.a.c.core.AprLifecycleListener - The APR based Apache Tomcat Native library which allows optimal performance in production environments was not found on the java.library.path: [/Users/hero/Library/Java/Extensions:/Library/Java/Extensions:/Network/Library/Java/Extensions:/System/Library/Java/Extensions:/usr/lib/java:.]
2018-09-25 23:13:12.446 [localhost-startStop-1] INFO  o.a.c.c.C.[Tomcat].[localhost].[/] - Initializing Spring embedded WebApplicationContext
2018-09-25 23:13:12.446 [localhost-startStop-1] INFO  o.s.web.context.ContextLoader - Root WebApplicationContext: initialization completed in 1043 ms
2018-09-25 23:13:12.500 [localhost-startStop-1] INFO  o.s.b.w.s.ServletRegistrationBean - Servlet dispatcherServlet mapped to [/]
2018-09-25 23:13:12.504 [localhost-startStop-1] INFO  o.s.b.w.s.FilterRegistrationBean - Mapping filter: 'characterEncodingFilter' to: [/*]
2018-09-25 23:13:12.504 [localhost-startStop-1] INFO  o.s.b.w.s.FilterRegistrationBean - Mapping filter: 'hiddenHttpMethodFilter' to: [/*]
2018-09-25 23:13:12.504 [localhost-startStop-1] INFO  o.s.b.w.s.FilterRegistrationBean - Mapping filter: 'httpPutFormContentFilter' to: [/*]
2018-09-25 23:13:12.504 [localhost-startStop-1] INFO  o.s.b.w.s.FilterRegistrationBean - Mapping filter: 'requestContextFilter' to: [/*]
2018-09-25 23:13:12.513 [localhost-startStop-1] INFO  com.hero.web.support.AppLifecycle - set system timezone to : Asia/Shanghai
2018-09-25 23:13:12.515 [localhost-startStop-1] INFO  com.hero.web.support.AppLifecycle - -------------- event-service started --------------------
2018-09-25 23:13:12.606 [main] INFO  o.s.w.s.h.SimpleUrlHandlerMapping - Mapped URL path [/**/favicon.ico] onto handler of type [class org.springframework.web.servlet.resource.ResourceHttpRequestHandler]
2018-09-25 23:13:12.745 [main] INFO  o.s.w.s.m.m.a.RequestMappingHandlerAdapter - Looking for @ControllerAdvice: org.springframework.boot.web.servlet.context.AnnotationConfigServletWebServerApplicationContext@25cc7470: startup date [Tue Sep 25 23:13:11 CST 2018]; root of context hierarchy
2018-09-25 23:13:12.801 [main] INFO  o.s.w.s.m.m.a.RequestMappingHandlerMapping - Mapped "{[/api/v1/users],methods=[GET]}" onto public com.hero.web.support.Result com.hero.web.controller.UserController.listUsers()
2018-09-25 23:13:12.806 [main] INFO  o.s.w.s.m.m.a.RequestMappingHandlerMapping - Mapped "{[/error]}" onto public org.springframework.http.ResponseEntity<java.util.Map<java.lang.String, java.lang.Object>> org.springframework.boot.autoconfigure.web.servlet.error.BasicErrorController.error(javax.servlet.http.HttpServletRequest)
2018-09-25 23:13:12.807 [main] INFO  o.s.w.s.m.m.a.RequestMappingHandlerMapping - Mapped "{[/error],produces=[text/html]}" onto public org.springframework.web.servlet.ModelAndView org.springframework.boot.autoconfigure.web.servlet.error.BasicErrorController.errorHtml(javax.servlet.http.HttpServletRequest,javax.servlet.http.HttpServletResponse)
2018-09-25 23:13:12.830 [main] INFO  o.s.w.s.h.SimpleUrlHandlerMapping - Mapped URL path [/webjars/**] onto handler of type [class org.springframework.web.servlet.resource.ResourceHttpRequestHandler]
2018-09-25 23:13:12.830 [main] INFO  o.s.w.s.h.SimpleUrlHandlerMapping - Mapped URL path [/**] onto handler of type [class org.springframework.web.servlet.resource.ResourceHttpRequestHandler]
2018-09-25 23:13:12.950 [main] INFO  o.s.j.e.a.AnnotationMBeanExporter - Registering beans for JMX exposure on startup
2018-09-25 23:13:12.962 [main] INFO  o.a.coyote.http11.Http11NioProtocol - Starting ProtocolHandler ["http-nio-9000"]
2018-09-25 23:13:12.985 [main] INFO  o.a.tomcat.util.net.NioSelectorPool - Using a shared selector for servlet write/read
2018-09-25 23:13:12.997 [main] INFO  o.s.b.w.e.tomcat.TomcatWebServer - Tomcat started on port(s): 9000 (http) with context path ''
2018-09-25 23:13:13.001 [main] INFO  com.hero.web.WebApplication - Started WebApplication in 2.267 seconds (JVM running for 4.046)
2018-09-25 23:13:21.842 [Thread-10] INFO  o.s.b.w.s.c.AnnotationConfigServletWebServerApplicationContext - Closing org.springframework.boot.web.servlet.context.AnnotationConfigServletWebServerApplicationContext@25cc7470: startup date [Tue Sep 25 23:13:11 CST 2018]; root of context hierarchy
2018-09-25 23:13:21.844 [Thread-10] INFO  o.s.j.e.a.AnnotationMBeanExporter - Unregistering JMX-exposed beans on shutdown
2018-09-25 23:13:21.907 [localhost-startStop-1] INFO  com.hero.web.support.AppLifecycle - --------------- event-service terminated ---------------------
